<?xml version="1.0" encoding="UTF-8"?>
<testsuite xmlns:xsi="http://www.w3.org/2001/XMLSchema-instance" xsi:noNamespaceSchemaLocation="https://maven.apache.org/surefire/maven-surefire-plugin/xsd/surefire-test-report-3.0.xsd" version="3.0" name="br.com.fiap.checkpoint1.Checkpoint1ApplicationTests" time="2.505" tests="1" errors="0" skipped="0" failures="0">
  <properties>
    <property name="java.specification.version" value="21"/>
    <property name="sun.cpu.isalist" value="amd64"/>
    <property name="sun.jnu.encoding" value="Cp1252"/>
    <property name="java.class.path" value="C:\Users\berna\Desktop\Desktop\TI\checkpoint1\fiap-microservices-checkpoint1\target\test-classes;C:\Users\berna\Desktop\Desktop\TI\checkpoint1\fiap-microservices-checkpoint1\target\classes;C:\Users\berna\.m2\repository\org\springframework\boot\spring-boot-starter-web\3.1.9\spring-boot-starter-web-3.1.9.jar;C:\Users\berna\.m2\repository\org\springframework\boot\spring-boot-starter\3.1.9\spring-boot-starter-3.1.9.jar;C:\Users\berna\.m2\repository\org\springframework\boot\spring-boot\3.1.9\spring-boot-3.1.9.jar;C:\Users\berna\.m2\repository\org\springframework\boot\spring-boot-autoconfigure\3.1.9\spring-boot-autoconfigure-3.1.9.jar;C:\Users\berna\.m2\repository\org\springframework\boot\spring-boot-starter-logging\3.1.9\spring-boot-starter-logging-3.1.9.jar;C:\Users\berna\.m2\repository\ch\qos\logback\logback-classic\1.4.14\logback-classic-1.4.14.jar;C:\Users\berna\.m2\repository\ch\qos\logback\logback-core\1.4.14\logback-core-1.4.14.jar;C:\Users\berna\.m2\repository\org\apache\logging\log4j\log4j-to-slf4j\2.20.0\log4j-to-slf4j-2.20.0.jar;C:\Users\berna\.m2\repository\org\apache\logging\log4j\log4j-api\2.20.0\log4j-api-2.20.0.jar;C:\Users\berna\.m2\repository\org\slf4j\jul-to-slf4j\2.0.12\jul-to-slf4j-2.0.12.jar;C:\Users\berna\.m2\repository\jakarta\annotation\jakarta.annotation-api\2.1.1\jakarta.annotation-api-2.1.1.jar;C:\Users\berna\.m2\repository\org\yaml\snakeyaml\1.33\snakeyaml-1.33.jar;C:\Users\berna\.m2\repository\org\springframework\boot\spring-boot-starter-json\3.1.9\spring-boot-starter-json-3.1.9.jar;C:\Users\berna\.m2\repository\com\fasterxml\jackson\core\jackson-databind\2.15.4\jackson-databind-2.15.4.jar;C:\Users\berna\.m2\repository\com\fasterxml\jackson\core\jackson-annotations\2.15.4\jackson-annotations-2.15.4.jar;C:\Users\berna\.m2\repository\com\fasterxml\jackson\core\jackson-core\2.15.4\jackson-core-2.15.4.jar;C:\Users\berna\.m2\repository\com\fasterxml\jackson\datatype\jackson-datatype-jdk8\2.15.4\jackson-datatype-jdk8-2.15.4.jar;C:\Users\berna\.m2\repository\com\fasterxml\jackson\datatype\jackson-datatype-jsr310\2.15.4\jackson-datatype-jsr310-2.15.4.jar;C:\Users\berna\.m2\repository\com\fasterxml\jackson\module\jackson-module-parameter-names\2.15.4\jackson-module-parameter-names-2.15.4.jar;C:\Users\berna\.m2\repository\org\springframework\boot\spring-boot-starter-tomcat\3.1.9\spring-boot-starter-tomcat-3.1.9.jar;C:\Users\berna\.m2\repository\org\apache\tomcat\embed\tomcat-embed-core\10.1.19\tomcat-embed-core-10.1.19.jar;C:\Users\berna\.m2\repository\org\apache\tomcat\embed\tomcat-embed-el\10.1.19\tomcat-embed-el-10.1.19.jar;C:\Users\berna\.m2\repository\org\apache\tomcat\embed\tomcat-embed-websocket\10.1.19\tomcat-embed-websocket-10.1.19.jar;C:\Users\berna\.m2\repository\org\springframework\spring-web\6.0.17\spring-web-6.0.17.jar;C:\Users\berna\.m2\repository\org\springframework\spring-beans\6.0.17\spring-beans-6.0.17.jar;C:\Users\berna\.m2\repository\io\micrometer\micrometer-observation\1.11.9\micrometer-observation-1.11.9.jar;C:\Users\berna\.m2\repository\io\micrometer\micrometer-commons\1.11.9\micrometer-commons-1.11.9.jar;C:\Users\berna\.m2\repository\org\springframework\spring-webmvc\6.0.17\spring-webmvc-6.0.17.jar;C:\Users\berna\.m2\repository\org\springframework\spring-aop\6.0.17\spring-aop-6.0.17.jar;C:\Users\berna\.m2\repository\org\springframework\spring-context\6.0.17\spring-context-6.0.17.jar;C:\Users\berna\.m2\repository\org\springframework\spring-expression\6.0.17\spring-expression-6.0.17.jar;C:\Users\berna\.m2\repository\org\springframework\boot\spring-boot-starter-test\3.1.9\spring-boot-starter-test-3.1.9.jar;C:\Users\berna\.m2\repository\org\springframework\boot\spring-boot-test\3.1.9\spring-boot-test-3.1.9.jar;C:\Users\berna\.m2\repository\org\springframework\boot\spring-boot-test-autoconfigure\3.1.9\spring-boot-test-autoconfigure-3.1.9.jar;C:\Users\berna\.m2\repository\com\jayway\jsonpath\json-path\2.9.0\json-path-2.9.0.jar;C:\Users\berna\.m2\repository\org\slf4j\slf4j-api\2.0.12\slf4j-api-2.0.12.jar;C:\Users\berna\.m2\repository\jakarta\xml\bind\jakarta.xml.bind-api\4.0.1\jakarta.xml.bind-api-4.0.1.jar;C:\Users\berna\.m2\repository\jakarta\activation\jakarta.activation-api\2.1.2\jakarta.activation-api-2.1.2.jar;C:\Users\berna\.m2\repository\net\minidev\json-smart\2.4.11\json-smart-2.4.11.jar;C:\Users\berna\.m2\repository\net\minidev\accessors-smart\2.4.11\accessors-smart-2.4.11.jar;C:\Users\berna\.m2\repository\org\ow2\asm\asm\9.3\asm-9.3.jar;C:\Users\berna\.m2\repository\org\assertj\assertj-core\3.24.2\assertj-core-3.24.2.jar;C:\Users\berna\.m2\repository\net\bytebuddy\byte-buddy\1.14.12\byte-buddy-1.14.12.jar;C:\Users\berna\.m2\repository\org\hamcrest\hamcrest\2.2\hamcrest-2.2.jar;C:\Users\berna\.m2\repository\org\junit\jupiter\junit-jupiter\5.9.3\junit-jupiter-5.9.3.jar;C:\Users\berna\.m2\repository\org\junit\jupiter\junit-jupiter-api\5.9.3\junit-jupiter-api-5.9.3.jar;C:\Users\berna\.m2\repository\org\opentest4j\opentest4j\1.2.0\opentest4j-1.2.0.jar;C:\Users\berna\.m2\repository\org\junit\platform\junit-platform-commons\1.9.3\junit-platform-commons-1.9.3.jar;C:\Users\berna\.m2\repository\org\apiguardian\apiguardian-api\1.1.2\apiguardian-api-1.1.2.jar;C:\Users\berna\.m2\repository\org\junit\jupiter\junit-jupiter-params\5.9.3\junit-jupiter-params-5.9.3.jar;C:\Users\berna\.m2\repository\org\junit\jupiter\junit-jupiter-engine\5.9.3\junit-jupiter-engine-5.9.3.jar;C:\Users\berna\.m2\repository\org\junit\platform\junit-platform-engine\1.9.3\junit-platform-engine-1.9.3.jar;C:\Users\berna\.m2\repository\org\mockito\mockito-core\5.3.1\mockito-core-5.3.1.jar;C:\Users\berna\.m2\repository\net\bytebuddy\byte-buddy-agent\1.14.12\byte-buddy-agent-1.14.12.jar;C:\Users\berna\.m2\repository\org\objenesis\objenesis\3.3\objenesis-3.3.jar;C:\Users\berna\.m2\repository\org\mockito\mockito-junit-jupiter\5.3.1\mockito-junit-jupiter-5.3.1.jar;C:\Users\berna\.m2\repository\org\skyscreamer\jsonassert\1.5.1\jsonassert-1.5.1.jar;C:\Users\berna\.m2\repository\com\vaadin\external\google\android-json\0.0.20131108.vaadin1\android-json-0.0.20131108.vaadin1.jar;C:\Users\berna\.m2\repository\org\springframework\spring-core\6.0.17\spring-core-6.0.17.jar;C:\Users\berna\.m2\repository\org\springframework\spring-jcl\6.0.17\spring-jcl-6.0.17.jar;C:\Users\berna\.m2\repository\org\springframework\spring-test\6.0.17\spring-test-6.0.17.jar;C:\Users\berna\.m2\repository\org\xmlunit\xmlunit-core\2.9.1\xmlunit-core-2.9.1.jar;"/>
    <property name="java.vm.vendor" value="Oracle Corporation"/>
    <property name="sun.arch.data.model" value="64"/>
    <property name="user.variant" value=""/>
    <property name="java.vendor.url" value="https://java.oracle.com/"/>
    <property name="user.timezone" value="America/Sao_Paulo"/>
    <property name="os.name" value="Windows 11"/>
    <property name="java.vm.specification.version" value="21"/>
    <property name="sun.java.launcher" value="SUN_STANDARD"/>
    <property name="user.country" value="BR"/>
    <property name="sun.boot.library.path" value="C:\Program Files\Java\jdk-21\bin"/>
    <property name="sun.java.command" value="C:\Users\berna\AppData\Local\Temp\surefire14205108131704666626\surefirebooter-20240315130334100_3.jar C:\Users\berna\AppData\Local\Temp\surefire14205108131704666626 2024-03-15T13-03-33_720-jvmRun1 surefire-20240315130334100_1tmp surefire_0-20240315130334100_2tmp"/>
    <property name="jdk.debug" value="release"/>
    <property name="surefire.test.class.path" value="C:\Users\berna\Desktop\Desktop\TI\checkpoint1\fiap-microservices-checkpoint1\target\test-classes;C:\Users\berna\Desktop\Desktop\TI\checkpoint1\fiap-microservices-checkpoint1\target\classes;C:\Users\berna\.m2\repository\org\springframework\boot\spring-boot-starter-web\3.1.9\spring-boot-starter-web-3.1.9.jar;C:\Users\berna\.m2\repository\org\springframework\boot\spring-boot-starter\3.1.9\spring-boot-starter-3.1.9.jar;C:\Users\berna\.m2\repository\org\springframework\boot\spring-boot\3.1.9\spring-boot-3.1.9.jar;C:\Users\berna\.m2\repository\org\springframework\boot\spring-boot-autoconfigure\3.1.9\spring-boot-autoconfigure-3.1.9.jar;C:\Users\berna\.m2\repository\org\springframework\boot\spring-boot-starter-logging\3.1.9\spring-boot-starter-logging-3.1.9.jar;C:\Users\berna\.m2\repository\ch\qos\logback\logback-classic\1.4.14\logback-classic-1.4.14.jar;C:\Users\berna\.m2\repository\ch\qos\logback\logback-core\1.4.14\logback-core-1.4.14.jar;C:\Users\berna\.m2\repository\org\apache\logging\log4j\log4j-to-slf4j\2.20.0\log4j-to-slf4j-2.20.0.jar;C:\Users\berna\.m2\repository\org\apache\logging\log4j\log4j-api\2.20.0\log4j-api-2.20.0.jar;C:\Users\berna\.m2\repository\org\slf4j\jul-to-slf4j\2.0.12\jul-to-slf4j-2.0.12.jar;C:\Users\berna\.m2\repository\jakarta\annotation\jakarta.annotation-api\2.1.1\jakarta.annotation-api-2.1.1.jar;C:\Users\berna\.m2\repository\org\yaml\snakeyaml\1.33\snakeyaml-1.33.jar;C:\Users\berna\.m2\repository\org\springframework\boot\spring-boot-starter-json\3.1.9\spring-boot-starter-json-3.1.9.jar;C:\Users\berna\.m2\repository\com\fasterxml\jackson\core\jackson-databind\2.15.4\jackson-databind-2.15.4.jar;C:\Users\berna\.m2\repository\com\fasterxml\jackson\core\jackson-annotations\2.15.4\jackson-annotations-2.15.4.jar;C:\Users\berna\.m2\repository\com\fasterxml\jackson\core\jackson-core\2.15.4\jackson-core-2.15.4.jar;C:\Users\berna\.m2\repository\com\fasterxml\jackson\datatype\jackson-datatype-jdk8\2.15.4\jackson-datatype-jdk8-2.15.4.jar;C:\Users\berna\.m2\repository\com\fasterxml\jackson\datatype\jackson-datatype-jsr310\2.15.4\jackson-datatype-jsr310-2.15.4.jar;C:\Users\berna\.m2\repository\com\fasterxml\jackson\module\jackson-module-parameter-names\2.15.4\jackson-module-parameter-names-2.15.4.jar;C:\Users\berna\.m2\repository\org\springframework\boot\spring-boot-starter-tomcat\3.1.9\spring-boot-starter-tomcat-3.1.9.jar;C:\Users\berna\.m2\repository\org\apache\tomcat\embed\tomcat-embed-core\10.1.19\tomcat-embed-core-10.1.19.jar;C:\Users\berna\.m2\repository\org\apache\tomcat\embed\tomcat-embed-el\10.1.19\tomcat-embed-el-10.1.19.jar;C:\Users\berna\.m2\repository\org\apache\tomcat\embed\tomcat-embed-websocket\10.1.19\tomcat-embed-websocket-10.1.19.jar;C:\Users\berna\.m2\repository\org\springframework\spring-web\6.0.17\spring-web-6.0.17.jar;C:\Users\berna\.m2\repository\org\springframework\spring-beans\6.0.17\spring-beans-6.0.17.jar;C:\Users\berna\.m2\repository\io\micrometer\micrometer-observation\1.11.9\micrometer-observation-1.11.9.jar;C:\Users\berna\.m2\repository\io\micrometer\micrometer-commons\1.11.9\micrometer-commons-1.11.9.jar;C:\Users\berna\.m2\repository\org\springframework\spring-webmvc\6.0.17\spring-webmvc-6.0.17.jar;C:\Users\berna\.m2\repository\org\springframework\spring-aop\6.0.17\spring-aop-6.0.17.jar;C:\Users\berna\.m2\repository\org\springframework\spring-context\6.0.17\spring-context-6.0.17.jar;C:\Users\berna\.m2\repository\org\springframework\spring-expression\6.0.17\spring-expression-6.0.17.jar;C:\Users\berna\.m2\repository\org\springframework\boot\spring-boot-starter-test\3.1.9\spring-boot-starter-test-3.1.9.jar;C:\Users\berna\.m2\repository\org\springframework\boot\spring-boot-test\3.1.9\spring-boot-test-3.1.9.jar;C:\Users\berna\.m2\repository\org\springframework\boot\spring-boot-test-autoconfigure\3.1.9\spring-boot-test-autoconfigure-3.1.9.jar;C:\Users\berna\.m2\repository\com\jayway\jsonpath\json-path\2.9.0\json-path-2.9.0.jar;C:\Users\berna\.m2\repository\org\slf4j\slf4j-api\2.0.12\slf4j-api-2.0.12.jar;C:\Users\berna\.m2\repository\jakarta\xml\bind\jakarta.xml.bind-api\4.0.1\jakarta.xml.bind-api-4.0.1.jar;C:\Users\berna\.m2\repository\jakarta\activation\jakarta.activation-api\2.1.2\jakarta.activation-api-2.1.2.jar;C:\Users\berna\.m2\repository\net\minidev\json-smart\2.4.11\json-smart-2.4.11.jar;C:\Users\berna\.m2\repository\net\minidev\accessors-smart\2.4.11\accessors-smart-2.4.11.jar;C:\Users\berna\.m2\repository\org\ow2\asm\asm\9.3\asm-9.3.jar;C:\Users\berna\.m2\repository\org\assertj\assertj-core\3.24.2\assertj-core-3.24.2.jar;C:\Users\berna\.m2\repository\net\bytebuddy\byte-buddy\1.14.12\byte-buddy-1.14.12.jar;C:\Users\berna\.m2\repository\org\hamcrest\hamcrest\2.2\hamcrest-2.2.jar;C:\Users\berna\.m2\repository\org\junit\jupiter\junit-jupiter\5.9.3\junit-jupiter-5.9.3.jar;C:\Users\berna\.m2\repository\org\junit\jupiter\junit-jupiter-api\5.9.3\junit-jupiter-api-5.9.3.jar;C:\Users\berna\.m2\repository\org\opentest4j\opentest4j\1.2.0\opentest4j-1.2.0.jar;C:\Users\berna\.m2\repository\org\junit\platform\junit-platform-commons\1.9.3\junit-platform-commons-1.9.3.jar;C:\Users\berna\.m2\repository\org\apiguardian\apiguardian-api\1.1.2\apiguardian-api-1.1.2.jar;C:\Users\berna\.m2\repository\org\junit\jupiter\junit-jupiter-params\5.9.3\junit-jupiter-params-5.9.3.jar;C:\Users\berna\.m2\repository\org\junit\jupiter\junit-jupiter-engine\5.9.3\junit-jupiter-engine-5.9.3.jar;C:\Users\berna\.m2\repository\org\junit\platform\junit-platform-engine\1.9.3\junit-platform-engine-1.9.3.jar;C:\Users\berna\.m2\repository\org\mockito\mockito-core\5.3.1\mockito-core-5.3.1.jar;C:\Users\berna\.m2\repository\net\bytebuddy\byte-buddy-agent\1.14.12\byte-buddy-agent-1.14.12.jar;C:\Users\berna\.m2\repository\org\objenesis\objenesis\3.3\objenesis-3.3.jar;C:\Users\berna\.m2\repository\org\mockito\mockito-junit-jupiter\5.3.1\mockito-junit-jupiter-5.3.1.jar;C:\Users\berna\.m2\repository\org\skyscreamer\jsonassert\1.5.1\jsonassert-1.5.1.jar;C:\Users\berna\.m2\repository\com\vaadin\external\google\android-json\0.0.20131108.vaadin1\android-json-0.0.20131108.vaadin1.jar;C:\Users\berna\.m2\repository\org\springframework\spring-core\6.0.17\spring-core-6.0.17.jar;C:\Users\berna\.m2\repository\org\springframework\spring-jcl\6.0.17\spring-jcl-6.0.17.jar;C:\Users\berna\.m2\repository\org\springframework\spring-test\6.0.17\spring-test-6.0.17.jar;C:\Users\berna\.m2\repository\org\xmlunit\xmlunit-core\2.9.1\xmlunit-core-2.9.1.jar;"/>
    <property name="sun.cpu.endian" value="little"/>
    <property name="user.home" value="C:\Users\berna"/>
    <property name="user.language" value="pt"/>
    <property name="java.specification.vendor" value="Oracle Corporation"/>
    <property name="java.version.date" value="2024-01-16"/>
    <property name="java.home" value="C:\Program Files\Java\jdk-21"/>
    <property name="file.separator" value="\"/>
    <property name="basedir" value="C:\Users\berna\Desktop\Desktop\TI\checkpoint1\fiap-microservices-checkpoint1"/>
    <property name="style.color" value="always"/>
    <property name="java.vm.compressedOopsMode" value="Zero based"/>
    <property name="line.separator" value="&#10;"/>
    <property name="java.vm.specification.vendor" value="Oracle Corporation"/>
    <property name="java.specification.name" value="Java Platform API Specification"/>
    <property name="FILE_LOG_CHARSET" value="UTF-8"/>
    <property name="java.awt.headless" value="true"/>
    <property name="surefire.real.class.path" value="C:\Users\berna\AppData\Local\Temp\surefire14205108131704666626\surefirebooter-20240315130334100_3.jar"/>
    <property name="user.script" value=""/>
    <property name="sun.management.compiler" value="HotSpot 64-Bit Tiered Compilers"/>
    <property name="java.runtime.version" value="21.0.2+13-LTS-58"/>
    <property name="user.name" value="berna"/>
    <property name="stdout.encoding" value="Cp1252"/>
    <property name="path.separator" value=";"/>
    <property name="os.version" value="10.0"/>
    <property name="java.runtime.name" value="Java(TM) SE Runtime Environment"/>
    <property name="file.encoding" value="UTF-8"/>
    <property name="java.vm.name" value="Java HotSpot(TM) 64-Bit Server VM"/>
    <property name="localRepository" value="C:\Users\berna\.m2\repository"/>
    <property name="java.vendor.url.bug" value="https://bugreport.java.com/bugreport/"/>
    <property name="java.io.tmpdir" value="C:\Users\berna\AppData\Local\Temp\"/>
    <property name="java.version" value="21.0.2"/>
    <property name="user.dir" value="C:\Users\berna\Desktop\Desktop\TI\checkpoint1\fiap-microservices-checkpoint1"/>
    <property name="os.arch" value="amd64"/>
    <property name="java.vm.specification.name" value="Java Virtual Machine Specification"/>
    <property name="PID" value="24996"/>
    <property name="sun.os.patch.level" value=""/>
    <property name="CONSOLE_LOG_CHARSET" value="UTF-8"/>
    <property name="native.encoding" value="Cp1252"/>
    <property name="java.library.path" value="C:\Program Files\Java\jdk-21\bin;C:\WINDOWS\Sun\Java\bin;C:\WINDOWS\system32;C:\WINDOWS;C:\Program Files\Common Files\Oracle\Java\javapath;C:\WINDOWS\system32;C:\WINDOWS;C:\WINDOWS\System32\Wbem;C:\WINDOWS\System32\WindowsPowerShell\v1.0\;C:\WINDOWS\System32\OpenSSH\;C:\Program Files\Git\cmd;C:\Program Files\dotnet\;C:\Program Files (x86)\NVIDIA Corporation\PhysX\Common;C:\Program Files\NVIDIA Corporation\NVIDIA NvDLISR;C:\flutter\bin;;C:\Program Files\Docker\Docker\resources\bin;C:\Users\berna\AppData\Local\Microsoft\WindowsApps;C:\Users\berna\AppData\Local\Programs\Microsoft VS Code\bin;&quot;C:\Users\berna\flutter\bin&quot;;."/>
    <property name="java.vm.info" value="mixed mode, sharing"/>
    <property name="stderr.encoding" value="Cp1252"/>
    <property name="java.vendor" value="Oracle Corporation"/>
    <property name="java.vm.version" value="21.0.2+13-LTS-58"/>
    <property name="sun.io.unicode.encoding" value="UnicodeLittle"/>
    <property name="java.class.version" value="65.0"/>
  </properties>
  <testcase name="contextLoads" classname="br.com.fiap.checkpoint1.Checkpoint1ApplicationTests" time="0.807">
    <system-out><![CDATA[13:03:34.814 [main] INFO org.springframework.test.context.support.AnnotationConfigContextLoaderUtils -- Could not detect default configuration classes for test class [br.com.fiap.checkpoint1.Checkpoint1ApplicationTests]: Checkpoint1ApplicationTests does not declare any static, non-private, non-final, nested classes annotated with @Configuration.
13:03:34.913 [main] INFO org.springframework.boot.test.context.SpringBootTestContextBootstrapper -- Found @SpringBootConfiguration br.com.fiap.checkpoint1.Checkpoint1Application for test class br.com.fiap.checkpoint1.Checkpoint1ApplicationTests

  .   ____          _            __ _ _
 /\\ / ___'_ __ _ _(_)_ __  __ _ \ \ \ \
( ( )\___ | '_ | '_| | '_ \/ _` | \ \ \ \
 \\/  ___)| |_)| | | | | || (_| |  ) ) ) )
  '  |____| .__|_| |_|_| |_\__, | / / / /
 =========|_|==============|___/=/_/_/_/
 :: Spring Boot ::                (v3.1.9)

2024-03-15T13:03:35.295-03:00  INFO 24996 --- [           main] b.c.f.c.Checkpoint1ApplicationTests      : Starting Checkpoint1ApplicationTests using Java 21.0.2 with PID 24996 (started by berna in C:\Users\berna\Desktop\Desktop\TI\checkpoint1\fiap-microservices-checkpoint1)
2024-03-15T13:03:35.297-03:00  INFO 24996 --- [           main] b.c.f.c.Checkpoint1ApplicationTests      : No active profile set, falling back to 1 default profile: "default"
2024-03-15T13:03:36.326-03:00  INFO 24996 --- [           main] b.c.f.c.Checkpoint1ApplicationTests      : Started Checkpoint1ApplicationTests in 1.285 seconds (process running for 2.153)
]]></system-out>
    <system-err><![CDATA[WARNING: A Java agent has been loaded dynamically (C:\Users\berna\.m2\repository\net\bytebuddy\byte-buddy-agent\1.14.12\byte-buddy-agent-1.14.12.jar)
WARNING: If a serviceability tool is in use, please run with -XX:+EnableDynamicAgentLoading to hide this warning
WARNING: If a serviceability tool is not in use, please run with -Djdk.instrument.traceUsage for more information
WARNING: Dynamic loading of agents will be disallowed by default in a future release
]]></system-err>
  </testcase>
</testsuite>